p/1650366331108.jpg 1 0 0 113 121
p/1650366325103.jpg 1 0 0 144 134
p/1650366315758.jpg 1 0 0 125 115
p/1650366311541.jpg 1 0 0 158 170
p/1650366306947.jpg 1 0 0 126 122
p/1650366292954.jpg 1 0 0 140 126
p/1650366284041.jpg 1 0 0 126 115
p/1650366275465.jpg 1 0 0 111 109
p/1650366267830.jpg 1 0 0 110 95
p/1650366258710.jpg 1 0 0 175 112
p/1650366254284.jpg 1 0 0 105 103
p/1650366249820.jpg 1 0 0 113 93
p/1650366245783.jpg 1 0 0 99 95
p/1650366241495.jpg 1 0 0 99 96
p/1650366233566.jpg 1 0 0 106 100
p/1650366227147.jpg 1 0 0 99 108
p/1650366222106.jpg 1 0 0 110 122
p/1650366214614.jpg 1 0 0 124 117
p/1650366205257.jpg 1 0 0 124 119
p/1650366188924.jpg 1 0 0 129 118
p/1650366169810.jpg 1 0 0 185 135
p/1650366166065.jpg 1 0 0 119 120
p/1650366161257.jpg 1 0 0 130 120
p/1650366154488.jpg 1 0 0 126 126
p/1650366150901.jpg 1 0 0 123 125
p/1650366145804.jpg 1 0 0 103 111
p/1650366140460.jpg 1 0 0 111 115
p/1650366131693.jpg 1 0 0 95 116
p/1650366127686.jpg 1 0 0 97 114
p/1650366120448.jpg 1 0 0 118 123
p/1650366117458.jpg 1 0 0 82 113
p/1650366114031.jpg 1 0 0 176 130
p/1650366110021.jpg 1 0 0 88 116
p/1650366105957.jpg 1 0 0 94 115
p/1650366101792.jpg 1 0 0 100 105
p/1650366084480.jpg 1 0 0 97 116
p/1650366080228.jpg 1 0 0 114 116
p/1650366076627.jpg 1 0 0 102 121
p/1650366073714.jpg 1 0 0 102 124
p/1650366069713.jpg 1 0 0 91 143
p/1650366066109.jpg 1 0 0 105 134
p/1650366060827.jpg 1 0 0 95 150
p/1650366056976.jpg 1 0 0 168 130
p/1650366052401.jpg 1 0 0 114 169
p/1650366049409.jpg 1 0 0 90 163
p/1650366046030.jpg 1 0 0 102 163
p/1650366042481.jpg 1 0 0 102 181
p/1650366038286.jpg 1 0 0 102 189
p/1650366034729.jpg 1 0 0 122 180
p/1650366031410.jpg 1 0 0 127 179
p/1650366028449.jpg 1 0 0 129 180
p/1650366025498.jpg 1 0 0 119 170
p/1650366022169.jpg 1 0 0 129 171
p/1650366018694.jpg 1 0 0 170 127
p/1650366014864.jpg 1 0 0 117 157
p/1650366011097.jpg 1 0 0 120 151
p/1650366007427.jpg 1 0 0 128 159
p/1650366004054.jpg 1 0 0 121 154
p/1650365999225.jpg 1 0 0 124 148
p/1650365993378.jpg 1 0 0 129 137
p/1650365990448.jpg 1 0 0 125 149
p/1650365987111.jpg 1 0 0 126 141
p/1650365983546.jpg 1 0 0 114 129
p/1650365979828.jpg 1 0 0 112 123
p/1650365976156.jpg 1 0 0 167 109
p/1650365971716.jpg 1 0 0 114 120
p/1650365967341.jpg 1 0 0 109 118
p/1650365963912.jpg 1 0 0 115 118
p/1650365959946.jpg 1 0 0 114 103
p/1650365956136.jpg 1 0 0 124 115
p/1650365945779.jpg 1 0 0 108 113
p/1650365941677.jpg 1 0 0 115 114
p/1650365938038.jpg 1 0 0 124 108
p/1650365932599.jpg 1 0 0 130 122
p/1650365928019.jpg 1 0 0 112 120
p/1650365922822.jpg 1 0 0 174 103
p/1650365918468.jpg 1 0 0 116 109
p/1650365914654.jpg 1 0 0 125 122
p/1650365911491.jpg 1 0 0 117 117
p/1650365906881.jpg 1 0 0 122 121
p/1650365902152.jpg 1 0 0 128 114
p/1650365898379.jpg 1 0 0 131 119
p/1650365893784.jpg 1 0 0 135 116
p/1650365888733.jpg 1 0 0 141 114
p/1650365885111.jpg 1 0 0 141 122
p/1650365881125.jpg 1 0 0 144 126
p/1650365875703.jpg 1 0 0 103 114
p/1650365872112.jpg 1 0 0 153 119
p/1650365868420.jpg 1 0 0 153 125
p/1650365865180.jpg 1 0 0 154 115
p/1650365862052.jpg 1 0 0 159 112
p/1650365858810.jpg 1 0 0 160 91
p/1650365854489.jpg 1 0 0 80 93
p/1650365850212.jpg 1 0 0 82 84
p/1650365845799.jpg 1 0 0 102 95
p/1650365842292.jpg 1 0 0 85 93
p/1650365837037.jpg 1 0 0 98 123
p/1650365829304.jpg 1 0 0 113 121
p/1650365825135.jpg 1 0 0 101 160
p/1650365803574.jpg 1 0 0 119 171
p/1650365796940.jpg 1 0 0 121 174
p/1650365792636.jpg 1 0 0 138 155
p/1650365787549.jpg 1 0 0 170 99
p/1650365783198.jpg 1 0 0 164 153
p/1650365777813.jpg 1 0 0 184 144
p/1650365768918.jpg 1 0 0 157 119
p/1650365763923.jpg 1 0 0 161 111
p/1650365760186.jpg 1 0 0 135 105
p/1650365755254.jpg 1 0 0 133 100
p/1650365748789.jpg 1 0 0 113 92
p/1650365735949.jpg 1 0 0 108 87
p/1650365731668.jpg 1 0 0 99 84
p/1650365727006.jpg 1 0 0 82 73
p/1650365719954.jpg 1 0 0 154 98
p/1650365714568.jpg 1 0 0 74 80
p/1650365709712.jpg 1 0 0 71 86
p/1650365705565.jpg 1 0 0 70 89
p/1650365701866.jpg 1 0 0 79 88
p/1650365697530.jpg 1 0 0 85 94
p/1650365691551.jpg 1 0 0 100 106
p/1650365685026.jpg 1 0 0 84 99
p/1650365678806.jpg 1 0 0 124 125
p/1650365672152.jpg 1 0 0 140 142
p/1650365662329.jpg 1 0 0 132 150
p/1650365654587.jpg 1 0 0 149 139
p/1650365647956.jpg 1 0 0 154 102
p/1650365635622.jpg 1 0 0 149 141
p/1650365622567.jpg 1 0 0 143 130
p/1650365606415.jpg 1 0 0 143 130
p/1650365598198.jpg 1 0 0 114 113
p/1650365592075.jpg 1 0 0 109 125
p/1650365585893.jpg 1 0 0 100 121
p/1650365529579.jpg 1 0 0 134 145
p/1650365503772.jpg 1 0 0 160 148
p/1650365479397.jpg 1 0 0 145 138
p/1650365419346.jpg 1 0 0 138 143
p/1650365371348.jpg 1 0 0 162 101
p/1650365340147.jpg 1 0 0 133 166
p/1650365320485.jpg 1 0 0 114 161
p/1650365311014.jpg 1 0 0 115 143
p/1650365301964.jpg 1 0 0 119 133
p/1650365292658.jpg 1 0 0 139 127
p/1650365284597.jpg 1 0 0 159 129
p/1650365277235.jpg 1 0 0 169 131
p/1650365266518.jpg 1 0 0 188 147
p/1650365250553.jpg 1 0 0 160 138
p/1650365230466.jpg 1 0 0 124 103
p/1650365214401.jpg 1 0 0 163 105
p/1650365198331.jpg 1 0 0 110 116
p/1650365151261.jpg 1 0 0 119 111
p/1650364501067.jpg 1 0 0 130 150
p/1650364496298.jpg 1 0 0 128 159
p/1650363613946.jpg 1 0 0 127 115
p/1650363603332.jpg 1 0 0 144 107
p/1650363358026.jpg 1 0 0 123 189
p/1650362758101.jpg 1 0 0 114 167
p/1650362492682.jpg 1 0 0 98 124
p/1650362485973.jpg 1 0 0 94 117
p/1650362478389.jpg 1 0 0 116 119
p/1650362470005.jpg 1 0 0 145 126
p/1650362461170.jpg 1 0 0 160 132
p/1650362452533.jpg 1 0 0 168 130
p/1650362423277.jpg 1 0 0 160 125
p/1650362413972.jpg 1 0 0 150 131
p/1650362388324.jpg 1 0 0 162 110
p/1650361984518.jpg 1 0 0 117 140
p/1650361974266.jpg 1 0 0 120 126
p/1650361965680.jpg 1 0 0 139 125
p/1650361953129.jpg 1 0 0 153 133
p/1650361937516.jpg 1 0 0 162 126
p/1650361926749.jpg 1 0 0 170 142
p/1650361902921.jpg 1 0 0 145 124
p/1650361884223.jpg 1 0 0 122 102
p/1650361862054.jpg 1 0 0 160 111
p/1650361831611.jpg 1 0 0 94 113
p/1650361811039.jpg 1 0 0 100 108