p/1650482238059.jpg 1 0 0 34 72
p/1650482233278.jpg 1 0 0 34 78
p/1650482228850.jpg 1 0 0 26 68
p/1650482225044.jpg 1 0 0 26 65
p/1650482216154.jpg 1 0 0 26 65
p/1650482211655.jpg 1 0 0 29 62
p/1650482207132.jpg 1 0 0 31 64
p/1650482201560.jpg 1 0 0 30 62
p/1650482195548.jpg 1 0 0 34 57
p/1650482190609.jpg 1 0 0 34 55
p/1650482186321.jpg 1 0 0 34 61
p/1650482182769.jpg 1 0 0 31 54
p/1650482178907.jpg 1 0 0 26 59
p/1650482173570.jpg 1 0 0 39 69
p/1650482169569.jpg 1 0 0 36 72
p/1650482164288.jpg 1 0 0 37 61
p/1650482158956.jpg 1 0 0 43 76
p/1650482153402.jpg 1 0 0 43 75
p/1650482149047.jpg 1 0 0 40 73
p/1650482144530.jpg 1 0 0 40 83
p/1650482140694.jpg 1 0 0 40 76
p/1650482134677.jpg 1 0 0 24 49
p/1650482129630.jpg 1 0 0 29 69
p/1650482126140.jpg 1 0 0 26 64
p/1650482104645.jpg 1 0 0 30 57
p/1650482100545.jpg 1 0 0 28 57
p/1650482096959.jpg 1 0 0 29 58
p/1650482092437.jpg 1 0 0 28 52
p/1650482089330.jpg 1 0 0 30 52
p/1650482085723.jpg 1 0 0 29 45
p/1650482072467.jpg 1 0 0 22 44
p/1650481249310.jpg 1 0 0 27 48
p/1650481245377.jpg 1 0 0 30 54
p/1650481240852.jpg 1 0 0 40 85
p/1650481237321.jpg 1 0 0 41 82
p/1650481233912.jpg 1 0 0 38 79
p/1650481217975.jpg 1 0 0 39 72
p/1650481213228.jpg 1 0 0 34 71
p/1650481209204.jpg 1 0 0 33 62
p/1650481205505.jpg 1 0 0 32 64
p/1650481201394.jpg 1 0 0 31 58
p/1650481192819.jpg 1 0 0 33 59
p/1650481188359.jpg 1 0 0 32 59
p/1650481183960.jpg 1 0 0 27 52
p/1650481179381.jpg 1 0 0 32 54
p/1650481175700.jpg 1 0 0 34 58
p/1650481166225.jpg 1 0 0 30 55
p/1650481162161.jpg 1 0 0 21 44
p/1650481157679.jpg 1 0 0 28 49
p/1650481153168.jpg 1 0 0 36 60
p/1650481149580.jpg 1 0 0 33 55
p/1650481135076.jpg 1 0 0 30 52
p/1650481131187.jpg 1 0 0 27 47
p/1650481127677.jpg 1 0 0 33 52
p/1650481123425.jpg 1 0 0 33 64
p/1650481120041.jpg 1 0 0 27 54
p/1650481116636.jpg 1 0 0 30 57
p/1650481110276.jpg 1 0 0 32 64
p/1650481106404.jpg 1 0 0 44 71
p/1650481102235.jpg 1 0 0 48 73
p/1650481098482.jpg 1 0 0 39 66
p/1650481089236.jpg 1 0 0 41 78
p/1650481085196.jpg 1 0 0 41 70
p/1650481080715.jpg 1 0 0 39 66
p/1650481076589.jpg 1 0 0 33 53
p/1650481072284.jpg 1 0 0 23 52
p/1650481068174.jpg 1 0 0 17 45
p/1650481060253.jpg 1 0 0 23 53
p/1650481056084.jpg 1 0 0 28 57
p/1650481050978.jpg 1 0 0 27 76
p/1650481041960.jpg 1 0 0 25 66
p/1650481011228.jpg 1 0 0 24 62
p/1650481006904.jpg 1 0 0 27 61
p/1650480999333.jpg 1 0 0 22 50
p/1650480995359.jpg 1 0 0 25 49
p/1650480991472.jpg 1 0 0 32 50
p/1650480987043.jpg 1 0 0 23 47
p/1650480982714.jpg 1 0 0 24 41
p/1650480978299.jpg 1 0 0 17 38
p/1650480971728.jpg 1 0 0 16 36
p/1650480966906.jpg 1 0 0 20 40
p/1650480932814.jpg 1 0 0 28 49
p/1650480928972.jpg 1 0 0 26 52
p/1650480923969.jpg 1 0 0 35 55
p/1650480919856.jpg 1 0 0 36 61
p/1650480912411.jpg 1 0 0 36 66
p/1650480905338.jpg 1 0 0 27 48
p/1650480900859.jpg 1 0 0 34 66
p/1650480895125.jpg 1 0 0 35 71
p/1650480853936.jpg 1 0 0 46 87
p/1650480837870.jpg 1 0 0 40 78
p/1650480823109.jpg 1 0 0 45 79
p/1650480817434.jpg 1 0 0 44 77
p/1650480813853.jpg 1 0 0 38 75
p/1650480809182.jpg 1 0 0 38 68
p/1650480791088.jpg 1 0 0 37 63
p/1650480786712.jpg 1 0 0 27 50
p/1650480782278.jpg 1 0 0 26 50
p/1650392237306.jpg 1 0 0 23 55
p/1650392232712.jpg 1 0 0 31 70
p/1650392227980.jpg 1 0 0 36 69
p/1650392222572.jpg 1 0 0 36 66
p/1650392218339.jpg 1 0 0 30 71
p/1650392214407.jpg 1 0 0 42 71
p/1650392210189.jpg 1 0 0 31 63
p/1650392206009.jpg 1 0 0 28 54
p/1650392200807.jpg 1 0 0 25 71
p/1650392196989.jpg 1 0 0 32 67
p/1650392192621.jpg 1 0 0 34 71
p/1650392188917.jpg 1 0 0 45 76
p/1650392184141.jpg 1 0 0 63 79
p/1650392178463.jpg 1 0 0 41 82
p/1650392173667.jpg 1 0 0 38 78
p/1650392169533.jpg 1 0 0 25 56
p/1650392164534.jpg 1 0 0 35 60
p/1650392159214.jpg 1 0 0 25 59
p/1650392154230.jpg 1 0 0 42 73
p/1650392149958.jpg 1 0 0 36 65
p/1650392145460.jpg 1 0 0 29 60
p/1650392140371.jpg 1 0 0 29 60
p/1650392135652.jpg 1 0 0 38 71
p/1650392127408.jpg 1 0 0 25 68
p/1650392122238.jpg 1 0 0 32 60
p/1650392117101.jpg 1 0 0 28 63
p/1650392113124.jpg 1 0 0 34 71
p/1650392108316.jpg 1 0 0 26 60
p/1650392103384.jpg 1 0 0 37 73
p/1650392095473.jpg 1 0 0 29 68
p/1650392090902.jpg 1 0 0 28 70
p/1650392085770.jpg 1 0 0 36 74
p/1650392074330.jpg 1 0 0 52 84
p/1650392068884.jpg 1 0 0 44 81
p/1650392063541.jpg 1 0 0 19 50
p/1650392059261.jpg 1 0 0 21 44
p/1650392054931.jpg 1 0 0 34 67
p/1650392044898.jpg 1 0 0 24 51
p/1650392035059.jpg 1 0 0 19 50
p/1650392030724.jpg 1 0 0 21 46
p/1650392026371.jpg 1 0 0 30 55
p/1650392022326.jpg 1 0 0 20 50
p/1650392017598.jpg 1 0 0 26 63
p/1650392012514.jpg 1 0 0 25 56
p/1650392008378.jpg 1 0 0 18 44
p/1650391999922.jpg 1 0 0 22 52
p/1650391994734.jpg 1 0 0 27 54
p/1650391990417.jpg 1 0 0 32 73
p/1650391986406.jpg 1 0 0 24 50
p/1650391981230.jpg 1 0 0 19 60
p/1650391976658.jpg 1 0 0 32 67
p/1650391970886.jpg 1 0 0 25 55
p/1650391966300.jpg 1 0 0 19 43
p/1650391961245.jpg 1 0 0 25 55
p/1650391956416.jpg 1 0 0 26 62
p/1650391951177.jpg 1 0 0 33 62
p/1650391947089.jpg 1 0 0 30 63
p/1650391941596.jpg 1 0 0 32 62
p/1650391910108.jpg 1 0 0 33 60
p/1650391861405.jpg 1 0 0 35 70
p/1650391855485.jpg 1 0 0 37 67