p/1650392237306.jpg 1 0 0 23 55
p/1650392232712.jpg 1 0 0 31 70
p/1650392227980.jpg 1 0 0 36 69
p/1650392222572.jpg 1 0 0 36 66
p/1650392218339.jpg 1 0 0 30 71
p/1650392214407.jpg 1 0 0 42 71
p/1650392210189.jpg 1 0 0 31 63
p/1650392206009.jpg 1 0 0 28 54
p/1650392200807.jpg 1 0 0 25 71
p/1650392196989.jpg 1 0 0 32 67
p/1650392192621.jpg 1 0 0 34 71
p/1650392188917.jpg 1 0 0 45 76
p/1650392184141.jpg 1 0 0 63 79
p/1650392178463.jpg 1 0 0 41 82
p/1650392173667.jpg 1 0 0 38 78
p/1650392169533.jpg 1 0 0 25 56
p/1650392164534.jpg 1 0 0 35 60
p/1650392159214.jpg 1 0 0 25 59
p/1650392154230.jpg 1 0 0 42 73
p/1650392149958.jpg 1 0 0 36 65
p/1650392145460.jpg 1 0 0 29 60
p/1650392140371.jpg 1 0 0 29 60
p/1650392135652.jpg 1 0 0 38 71
p/1650392127408.jpg 1 0 0 25 68
p/1650392122238.jpg 1 0 0 32 60
p/1650392117101.jpg 1 0 0 28 63
p/1650392113124.jpg 1 0 0 34 71
p/1650392108316.jpg 1 0 0 26 60
p/1650392103384.jpg 1 0 0 37 73
p/1650392095473.jpg 1 0 0 29 68
p/1650392090902.jpg 1 0 0 28 70
p/1650392085770.jpg 1 0 0 36 74
p/1650392074330.jpg 1 0 0 52 84
p/1650392068884.jpg 1 0 0 44 81
p/1650392063541.jpg 1 0 0 19 50
p/1650392059261.jpg 1 0 0 21 44
p/1650392054931.jpg 1 0 0 34 67
p/1650392044898.jpg 1 0 0 24 51
p/1650392035059.jpg 1 0 0 19 50
p/1650392030724.jpg 1 0 0 21 46
p/1650392026371.jpg 1 0 0 30 55
p/1650392022326.jpg 1 0 0 20 50
p/1650392017598.jpg 1 0 0 26 63
p/1650392012514.jpg 1 0 0 25 56
p/1650392008378.jpg 1 0 0 18 44
p/1650391999922.jpg 1 0 0 22 52
p/1650391994734.jpg 1 0 0 27 54
p/1650391990417.jpg 1 0 0 32 73
p/1650391986406.jpg 1 0 0 24 50
p/1650391981230.jpg 1 0 0 19 60
p/1650391976658.jpg 1 0 0 32 67
p/1650391970886.jpg 1 0 0 25 55
p/1650391966300.jpg 1 0 0 19 43
p/1650391961245.jpg 1 0 0 25 55
p/1650391956416.jpg 1 0 0 26 62
p/1650391951177.jpg 1 0 0 33 62
p/1650391947089.jpg 1 0 0 30 63
p/1650391941596.jpg 1 0 0 32 62
p/1650391910108.jpg 1 0 0 33 60
p/1650391861405.jpg 1 0 0 35 70
p/1650391855485.jpg 1 0 0 37 67